[2024-04-06T06:13:11.120Z] GET /createFile?filename=abcdef.txt&content=abcd
[2024-04-06T06:17:42.829Z] GET /createFile?filename=abcdef.txt&content=abcd
[2024-04-06T06:18:18.012Z] GET /createFile?filename=f.txt&content=abcd&password=abcd
[2024-04-06T06:18:31.191Z] GET /getFile?filename=f.txt
[2024-04-06T06:22:15.522Z] GET /getFile?filename=f.txt
[2024-04-06T06:22:16.749Z] GET /getFile?filename=f.txt
[2024-04-06T06:22:27.101Z] GET /getFile?filename=f.txt
[2024-04-06T06:22:28.282Z] GET /getFile?filename=f.txt
[2024-04-06T06:25:41.453Z] GET /getFile?filename=ft.txt&content=abcd&password=abcd
[2024-04-06T06:25:51.570Z] GET /createFile?filename=ft.txt&content=abcd&password=abcd
[2024-04-06T06:26:01.226Z] GET /getFile?filename=ft.txt
[2024-04-06T06:26:05.645Z] GET /getFile?filename=ft.txt&password=abcd
[2024-04-06T06:26:33.406Z] GET /getFiles
[2024-04-06T06:27:10.283Z] GET /modifyFile?content=abcd&filename=ft.txt
[2024-04-06T06:29:55.125Z] GET /modifyFile?content=abcd&filename=ft.txt
[2024-04-06T06:30:29.683Z] GET /modifyFile?content=abcd&filename=ft.txt
[2024-04-06T06:30:30.983Z] GET /modifyFile?content=abcd&filename=ft.txt
[2024-04-06T06:30:31.414Z] GET /modifyFile?content=abcd&filename=ft.txt
[2024-04-06T06:31:40.508Z] GET /modifyFile?content=abcd&filename=ft.txt
[2024-04-06T06:31:41.807Z] GET /modifyFile?content=abcd&filename=ft.txt
[2024-04-06T06:31:42.581Z] GET /modifyFile?content=abcd&filename=ft.txt
[2024-04-06T06:31:43.217Z] GET /modifyFile?content=abcd&filename=ft.txt
[2024-04-06T06:31:44.047Z] GET /modifyFile?content=abcd&filename=ft.txt
[2024-04-06T06:31:45.008Z] GET /modifyFile?content=abcd&filename=ft.txt
[2024-04-06T06:33:01.730Z] GET /modifyFile?content=abcd&filename=ft.txt
[2024-04-06T06:33:16.092Z] GET /modifyFile?content=abcd&filename=ft.txt
[2024-04-06T06:33:17.945Z] GET /modifyFile?content=abcd&filename=ft.txt
[2024-04-06T06:34:20.123Z] GET /modifyFile?content=abcd&filename=ft.txt
[2024-04-06T06:34:31.368Z] GET /modifyFile?content=abcd&filename=ft.txt&password=abcd
[2024-04-06T06:34:55.232Z] GET /deleteFile?filename=ft.txt
[2024-04-06T06:35:07.551Z] GET /deleteFile?filename=ft.txt&password=abcd
[2024-04-06T06:35:54.807Z] GET /createFile?filename=abcdefg.txt&content=abcdeefg&password=abcd
[2024-04-06T06:37:02.338Z] GET /getFile?filename=abcdefg.txt&content=abcdeefg&password=abcd
[2024-04-06T06:37:06.439Z] GET /getFile?filename=abcdefg.txt&content=abcdeefg
 [2024-04-06T06:38:48.668Z]  GET  /getFile?filename=abcdefg.txt&content=abcdeefg  Host: localhost:5000
 [2024-04-06T06:39:48.561Z]  GET  /getFile?filename=abcdefg.txt&content=abcdeefg  Client IP: ::1
